have_func: checking for rb_postponed_job_register_one()... -------------------- yes

DYLD_FALLBACK_LIBRARY_PATH=.:/opt/rubies/3.1.1/lib "clang -o conftest -I/opt/rubies/3.1.1/include/ruby-3.1.0/arm64-darwin21 -I/opt/rubies/3.1.1/include/ruby-3.1.0/ruby/backward -I/opt/rubies/3.1.1/include/ruby-3.1.0 -I.  -I/opt/homebrew/opt/openssl@1.1/include -I/opt/homebrew/opt/readline/include -I/opt/homebrew/opt/libyaml/include -I/opt/homebrew/opt/gdbm/include -D_XOPEN_SOURCE -D_DARWIN_C_SOURCE -D_DARWIN_UNLIMITED_SELECT -D_REENTRANT   -fdeclspec -O3 -fno-fast-math -ggdb3 -Wno-error=implicit-function-declaration  -pipe conftest.c  -L. -L/opt/rubies/3.1.1/lib -L/opt/homebrew/opt/openssl@1.1/lib -L/opt/homebrew/opt/readline/lib -L/opt/homebrew/opt/libyaml/lib -L/opt/homebrew/opt/gdbm/lib -L. -fstack-protector-strong -L/opt/homebrew/opt/openssl@1.1/lib -L/opt/homebrew/opt/readline/lib -L/opt/homebrew/opt/libyaml/lib -L/opt/homebrew/opt/gdbm/lib     -lruby.3.1-static -framework CoreFoundation -lpthread -ldl -lobjc   "
checked program was:
/* begin */
1: #include "ruby.h"
2: 
3: int main(int argc, char **argv)
4: {
5:   return !!argv[argc];
6: }
/* end */

DYLD_FALLBACK_LIBRARY_PATH=.:/opt/rubies/3.1.1/lib "clang -o conftest -I/opt/rubies/3.1.1/include/ruby-3.1.0/arm64-darwin21 -I/opt/rubies/3.1.1/include/ruby-3.1.0/ruby/backward -I/opt/rubies/3.1.1/include/ruby-3.1.0 -I.  -I/opt/homebrew/opt/openssl@1.1/include -I/opt/homebrew/opt/readline/include -I/opt/homebrew/opt/libyaml/include -I/opt/homebrew/opt/gdbm/include -D_XOPEN_SOURCE -D_DARWIN_C_SOURCE -D_DARWIN_UNLIMITED_SELECT -D_REENTRANT   -fdeclspec -O3 -fno-fast-math -ggdb3 -Wno-error=implicit-function-declaration  -pipe conftest.c  -L. -L/opt/rubies/3.1.1/lib -L/opt/homebrew/opt/openssl@1.1/lib -L/opt/homebrew/opt/readline/lib -L/opt/homebrew/opt/libyaml/lib -L/opt/homebrew/opt/gdbm/lib -L. -fstack-protector-strong -L/opt/homebrew/opt/openssl@1.1/lib -L/opt/homebrew/opt/readline/lib -L/opt/homebrew/opt/libyaml/lib -L/opt/homebrew/opt/gdbm/lib     -lruby.3.1-static -framework CoreFoundation -lpthread -ldl -lobjc   "
conftest.c:14:57: error: use of undeclared identifier 'rb_postponed_job_register_one'
int t(void) { void ((*volatile p)()); p = (void ((*)()))rb_postponed_job_register_one; return !p; }
                                                        ^
1 error generated.
checked program was:
/* begin */
 1: #include "ruby.h"
 2: 
 3: /*top*/
 4: extern int t(void);
 5: int main(int argc, char **argv)
 6: {
 7:   if (argc > 1000000) {
 8:     int (* volatile tp)(void)=(int (*)(void))&t;
 9:     printf("%d", (*tp)());
10:   }
11: 
12:   return !!argv[argc];
13: }
14: int t(void) { void ((*volatile p)()); p = (void ((*)()))rb_postponed_job_register_one; return !p; }
/* end */

DYLD_FALLBACK_LIBRARY_PATH=.:/opt/rubies/3.1.1/lib "clang -o conftest -I/opt/rubies/3.1.1/include/ruby-3.1.0/arm64-darwin21 -I/opt/rubies/3.1.1/include/ruby-3.1.0/ruby/backward -I/opt/rubies/3.1.1/include/ruby-3.1.0 -I.  -I/opt/homebrew/opt/openssl@1.1/include -I/opt/homebrew/opt/readline/include -I/opt/homebrew/opt/libyaml/include -I/opt/homebrew/opt/gdbm/include -D_XOPEN_SOURCE -D_DARWIN_C_SOURCE -D_DARWIN_UNLIMITED_SELECT -D_REENTRANT   -fdeclspec -O3 -fno-fast-math -ggdb3 -Wno-error=implicit-function-declaration  -pipe conftest.c  -L. -L/opt/rubies/3.1.1/lib -L/opt/homebrew/opt/openssl@1.1/lib -L/opt/homebrew/opt/readline/lib -L/opt/homebrew/opt/libyaml/lib -L/opt/homebrew/opt/gdbm/lib -L. -fstack-protector-strong -L/opt/homebrew/opt/openssl@1.1/lib -L/opt/homebrew/opt/readline/lib -L/opt/homebrew/opt/libyaml/lib -L/opt/homebrew/opt/gdbm/lib     -lruby.3.1-static -framework CoreFoundation -lpthread -ldl -lobjc   "
checked program was:
/* begin */
 1: #include "ruby.h"
 2: 
 3: /*top*/
 4: extern int t(void);
 5: int main(int argc, char **argv)
 6: {
 7:   if (argc > 1000000) {
 8:     int (* volatile tp)(void)=(int (*)(void))&t;
 9:     printf("%d", (*tp)());
10:   }
11: 
12:   return !!argv[argc];
13: }
14: extern void rb_postponed_job_register_one();
15: int t(void) { rb_postponed_job_register_one(); return 0; }
/* end */

--------------------

have_func: checking for rb_profile_frames()... -------------------- yes

DYLD_FALLBACK_LIBRARY_PATH=.:/opt/rubies/3.1.1/lib "clang -o conftest -I/opt/rubies/3.1.1/include/ruby-3.1.0/arm64-darwin21 -I/opt/rubies/3.1.1/include/ruby-3.1.0/ruby/backward -I/opt/rubies/3.1.1/include/ruby-3.1.0 -I.  -I/opt/homebrew/opt/openssl@1.1/include -I/opt/homebrew/opt/readline/include -I/opt/homebrew/opt/libyaml/include -I/opt/homebrew/opt/gdbm/include -D_XOPEN_SOURCE -D_DARWIN_C_SOURCE -D_DARWIN_UNLIMITED_SELECT -D_REENTRANT   -fdeclspec -O3 -fno-fast-math -ggdb3 -Wno-error=implicit-function-declaration  -pipe conftest.c  -L. -L/opt/rubies/3.1.1/lib -L/opt/homebrew/opt/openssl@1.1/lib -L/opt/homebrew/opt/readline/lib -L/opt/homebrew/opt/libyaml/lib -L/opt/homebrew/opt/gdbm/lib -L. -fstack-protector-strong -L/opt/homebrew/opt/openssl@1.1/lib -L/opt/homebrew/opt/readline/lib -L/opt/homebrew/opt/libyaml/lib -L/opt/homebrew/opt/gdbm/lib     -lruby.3.1-static -framework CoreFoundation -lpthread -ldl -lobjc   "
conftest.c:14:57: error: use of undeclared identifier 'rb_profile_frames'
int t(void) { void ((*volatile p)()); p = (void ((*)()))rb_profile_frames; return !p; }
                                                        ^
1 error generated.
checked program was:
/* begin */
 1: #include "ruby.h"
 2: 
 3: /*top*/
 4: extern int t(void);
 5: int main(int argc, char **argv)
 6: {
 7:   if (argc > 1000000) {
 8:     int (* volatile tp)(void)=(int (*)(void))&t;
 9:     printf("%d", (*tp)());
10:   }
11: 
12:   return !!argv[argc];
13: }
14: int t(void) { void ((*volatile p)()); p = (void ((*)()))rb_profile_frames; return !p; }
/* end */

DYLD_FALLBACK_LIBRARY_PATH=.:/opt/rubies/3.1.1/lib "clang -o conftest -I/opt/rubies/3.1.1/include/ruby-3.1.0/arm64-darwin21 -I/opt/rubies/3.1.1/include/ruby-3.1.0/ruby/backward -I/opt/rubies/3.1.1/include/ruby-3.1.0 -I.  -I/opt/homebrew/opt/openssl@1.1/include -I/opt/homebrew/opt/readline/include -I/opt/homebrew/opt/libyaml/include -I/opt/homebrew/opt/gdbm/include -D_XOPEN_SOURCE -D_DARWIN_C_SOURCE -D_DARWIN_UNLIMITED_SELECT -D_REENTRANT   -fdeclspec -O3 -fno-fast-math -ggdb3 -Wno-error=implicit-function-declaration  -pipe conftest.c  -L. -L/opt/rubies/3.1.1/lib -L/opt/homebrew/opt/openssl@1.1/lib -L/opt/homebrew/opt/readline/lib -L/opt/homebrew/opt/libyaml/lib -L/opt/homebrew/opt/gdbm/lib -L. -fstack-protector-strong -L/opt/homebrew/opt/openssl@1.1/lib -L/opt/homebrew/opt/readline/lib -L/opt/homebrew/opt/libyaml/lib -L/opt/homebrew/opt/gdbm/lib     -lruby.3.1-static -framework CoreFoundation -lpthread -ldl -lobjc   "
checked program was:
/* begin */
 1: #include "ruby.h"
 2: 
 3: /*top*/
 4: extern int t(void);
 5: int main(int argc, char **argv)
 6: {
 7:   if (argc > 1000000) {
 8:     int (* volatile tp)(void)=(int (*)(void))&t;
 9:     printf("%d", (*tp)());
10:   }
11: 
12:   return !!argv[argc];
13: }
14: extern void rb_profile_frames();
15: int t(void) { rb_profile_frames(); return 0; }
/* end */

--------------------

have_func: checking for rb_tracepoint_new()... -------------------- yes

DYLD_FALLBACK_LIBRARY_PATH=.:/opt/rubies/3.1.1/lib "clang -o conftest -I/opt/rubies/3.1.1/include/ruby-3.1.0/arm64-darwin21 -I/opt/rubies/3.1.1/include/ruby-3.1.0/ruby/backward -I/opt/rubies/3.1.1/include/ruby-3.1.0 -I.  -I/opt/homebrew/opt/openssl@1.1/include -I/opt/homebrew/opt/readline/include -I/opt/homebrew/opt/libyaml/include -I/opt/homebrew/opt/gdbm/include -D_XOPEN_SOURCE -D_DARWIN_C_SOURCE -D_DARWIN_UNLIMITED_SELECT -D_REENTRANT   -fdeclspec -O3 -fno-fast-math -ggdb3 -Wno-error=implicit-function-declaration  -pipe conftest.c  -L. -L/opt/rubies/3.1.1/lib -L/opt/homebrew/opt/openssl@1.1/lib -L/opt/homebrew/opt/readline/lib -L/opt/homebrew/opt/libyaml/lib -L/opt/homebrew/opt/gdbm/lib -L. -fstack-protector-strong -L/opt/homebrew/opt/openssl@1.1/lib -L/opt/homebrew/opt/readline/lib -L/opt/homebrew/opt/libyaml/lib -L/opt/homebrew/opt/gdbm/lib     -lruby.3.1-static -framework CoreFoundation -lpthread -ldl -lobjc   "
conftest.c:14:57: error: use of undeclared identifier 'rb_tracepoint_new'
int t(void) { void ((*volatile p)()); p = (void ((*)()))rb_tracepoint_new; return !p; }
                                                        ^
1 error generated.
checked program was:
/* begin */
 1: #include "ruby.h"
 2: 
 3: /*top*/
 4: extern int t(void);
 5: int main(int argc, char **argv)
 6: {
 7:   if (argc > 1000000) {
 8:     int (* volatile tp)(void)=(int (*)(void))&t;
 9:     printf("%d", (*tp)());
10:   }
11: 
12:   return !!argv[argc];
13: }
14: int t(void) { void ((*volatile p)()); p = (void ((*)()))rb_tracepoint_new; return !p; }
/* end */

DYLD_FALLBACK_LIBRARY_PATH=.:/opt/rubies/3.1.1/lib "clang -o conftest -I/opt/rubies/3.1.1/include/ruby-3.1.0/arm64-darwin21 -I/opt/rubies/3.1.1/include/ruby-3.1.0/ruby/backward -I/opt/rubies/3.1.1/include/ruby-3.1.0 -I.  -I/opt/homebrew/opt/openssl@1.1/include -I/opt/homebrew/opt/readline/include -I/opt/homebrew/opt/libyaml/include -I/opt/homebrew/opt/gdbm/include -D_XOPEN_SOURCE -D_DARWIN_C_SOURCE -D_DARWIN_UNLIMITED_SELECT -D_REENTRANT   -fdeclspec -O3 -fno-fast-math -ggdb3 -Wno-error=implicit-function-declaration  -pipe conftest.c  -L. -L/opt/rubies/3.1.1/lib -L/opt/homebrew/opt/openssl@1.1/lib -L/opt/homebrew/opt/readline/lib -L/opt/homebrew/opt/libyaml/lib -L/opt/homebrew/opt/gdbm/lib -L. -fstack-protector-strong -L/opt/homebrew/opt/openssl@1.1/lib -L/opt/homebrew/opt/readline/lib -L/opt/homebrew/opt/libyaml/lib -L/opt/homebrew/opt/gdbm/lib     -lruby.3.1-static -framework CoreFoundation -lpthread -ldl -lobjc   "
checked program was:
/* begin */
 1: #include "ruby.h"
 2: 
 3: /*top*/
 4: extern int t(void);
 5: int main(int argc, char **argv)
 6: {
 7:   if (argc > 1000000) {
 8:     int (* volatile tp)(void)=(int (*)(void))&t;
 9:     printf("%d", (*tp)());
10:   }
11: 
12:   return !!argv[argc];
13: }
14: extern void rb_tracepoint_new();
15: int t(void) { rb_tracepoint_new(); return 0; }
/* end */

--------------------

have_const: checking for RUBY_INTERNAL_EVENT_NEWOBJ... -------------------- yes

DYLD_FALLBACK_LIBRARY_PATH=.:/opt/rubies/3.1.1/lib "clang -I/opt/rubies/3.1.1/include/ruby-3.1.0/arm64-darwin21 -I/opt/rubies/3.1.1/include/ruby-3.1.0/ruby/backward -I/opt/rubies/3.1.1/include/ruby-3.1.0 -I.  -I/opt/homebrew/opt/openssl@1.1/include -I/opt/homebrew/opt/readline/include -I/opt/homebrew/opt/libyaml/include -I/opt/homebrew/opt/gdbm/include -D_XOPEN_SOURCE -D_DARWIN_C_SOURCE -D_DARWIN_UNLIMITED_SELECT -D_REENTRANT   -fdeclspec -O3 -fno-fast-math -ggdb3 -Wno-error=implicit-function-declaration  -pipe   -c conftest.c"
checked program was:
/* begin */
1: #include "ruby.h"
2: 
3: /*top*/
4: typedef int conftest_type;
5: conftest_type conftestval = (int)RUBY_INTERNAL_EVENT_NEWOBJ;
/* end */

--------------------

